0 info it worked if it ends with ok
1 verbose cli [ '/usr/local/bin/node',
1 verbose cli   '/usr/local/bin/npm',
1 verbose cli   'install',
1 verbose cli   '-g',
1 verbose cli   '.' ]
2 info using npm@2.14.3
3 info using node@v4.1.0
4 verbose install initial load of /usr/local/lib/package.json
5 verbose readDependencies loading dependencies from /usr/local/lib/package.json
6 silly cache add args [ '.', null ]
7 verbose cache add spec .
8 silly cache add parsed spec Result {
8 silly cache add   raw: '.',
8 silly cache add   scope: null,
8 silly cache add   name: null,
8 silly cache add   rawSpec: '.',
8 silly cache add   spec: '/Users/abigailwatson/Code/ClinicalFramework/starrynight/website',
8 silly cache add   type: 'local' }
9 error addLocal Could not install /Users/abigailwatson/Code/ClinicalFramework/starrynight/website
10 verbose stack Error: EISDIR: illegal operation on a directory, read
10 verbose stack     at Error (native)
11 verbose cwd /Users/abigailwatson/Code/ClinicalFramework/starrynight/website
12 error Darwin 15.2.0
13 error argv "/usr/local/bin/node" "/usr/local/bin/npm" "install" "-g" "."
14 error node v4.1.0
15 error npm  v2.14.3
16 error code EISDIR
17 error errno -21
18 error syscall read
19 error eisdir EISDIR: illegal operation on a directory, read
19 error eisdir This is most likely not a problem with npm itself
19 error eisdir and is related to npm not being able to find a package.json in
19 error eisdir a package you are trying to install.
20 verbose exit [ -21, true ]
